<?xml version="1.0" encoding="UTF-8"?>
<!-- Generated by org.testng.reporters.JUnitReportReporter -->
<testsuite skipped="0" hostname="Moksha" name="sample.Kayaking" tests="1" failures="0" timestamp="27 Jun 2023 01:10:16 GMT" time="16.515" errors="0">
  <testcase name="main" time="16.515" classname="sample.Kayaking"/>
</testsuite> <!-- sample.Kayaking -->
